<?xml version="1.0" encoding="UTF-8"?>
<!-- Generated by org.testng.reporters.JUnitReportReporter -->
<testsuite hostname="MX-IT-EMANJAIME" failures="0" tests="1" name="com.google.Tests" time="7.092" errors="0" timestamp="2023-03-02T09:31:05 CET" skipped="0">
  <testcase classname="com.google.Tests" name="loginTest" time="7.092"/>
  <system-out/>
</testsuite> <!-- com.google.Tests -->
